# JRE version: Java(TM) SE Runtime Environment (16.0.2+7) (build 16.0.2+7-67)
# Java VM: Java HotSpot(TM) 64-Bit Server VM (16.0.2+7-67, mixed mode, sharing, tiered, compressed oops, compressed class ptrs, g1 gc, windows-amd64)
GC Precious Log:
 CPUs: 4 total, 4 available
 Memory: 8142M
 Large Page Support: Disabled
 NUMA Support: Disabled
 Compressed Oops: Enabled (32-bit)
 Heap Region Size: 1M
 Heap Min Capacity: 8M
 Heap Initial Capacity: 128M
 Heap Max Capacity: 2036M
 Pre-touch: Disabled
 Parallel Workers: 4
 Concurrent Workers: 1
 Concurrent Refinement Workers: 4
 Periodic GC: Disabled
Heap:
 garbage-first heap   total 54272K, used 44120K [0x0000000080c00000, 0x0000000100000000)
  region size 1024K, 40 young (40960K), 8 survivors (8192K)
 Metaspace       used 26736K, committed 27008K, reserved 1073152K
  class space    used 3469K, committed 3584K, reserved 1048576K
GC Heap History (11 events):
Event: 0.638 GC heap before
{Heap before GC invocations=0 (full 0):
 garbage-first heap   total 131072K, used 13312K [0x0000000080c00000, 0x0000000100000000)
  region size 1024K, 13 young (13312K), 0 survivors (0K)
 Metaspace       used 2807K, committed 2944K, reserved 1056768K
  class space    used 261K, committed 320K, reserved 1048576K
}
Event: 0.643 GC heap after
{Heap after GC invocations=1 (full 0):
 garbage-first heap   total 131072K, used 5971K [0x0000000080c00000, 0x0000000100000000)
  region size 1024K, 2 young (2048K), 2 survivors (2048K)
 Metaspace       used 2807K, committed 2944K, reserved 1056768K
  class space    used 261K, committed 320K, reserved 1048576K
}
Event: 0.847 GC heap before
{Heap before GC invocations=1 (full 0):
 garbage-first heap   total 131072K, used 17235K [0x0000000080c00000, 0x0000000100000000)
  region size 1024K, 14 young (14336K), 2 survivors (2048K)
 Metaspace       used 4346K, committed 4544K, reserved 1056768K
  class space    used 455K, committed 576K, reserved 1048576K
}
Event: 0.850 GC heap after
{Heap after GC invocations=2 (full 0):
 garbage-first heap   total 131072K, used 6596K [0x0000000080c00000, 0x0000000100000000)
  region size 1024K, 1 young (1024K), 1 survivors (1024K)
 Metaspace       used 4346K, committed 4544K, reserved 1056768K
  class space    used 455K, committed 576K, reserved 1048576K
}
Event: 0.865 GC heap before
{Heap before GC invocations=2 (full 0):
 garbage-first heap   total 131072K, used 33220K [0x0000000080c00000, 0x0000000100000000)
  region size 1024K, 28 young (28672K), 1 survivors (1024K)
 Metaspace       used 4346K, committed 4544K, reserved 1056768K
  class space    used 455K, committed 576K, reserved 1048576K
}
Event: 0.865 GC heap after
{Heap after GC invocations=3 (full 0):
 garbage-first heap   total 131072K, used 6606K [0x0000000080c00000, 0x0000000100000000)
  region size 1024K, 1 young (1024K), 1 survivors (1024K)
 Metaspace       used 4346K, committed 4544K, reserved 1056768K
  class space    used 455K, committed 576K, reserved 1048576K
}
Event: 2.712 GC heap before
{Heap before GC invocations=3 (full 0):
 garbage-first heap   total 131072K, used 84430K [0x0000000080c00000, 0x0000000100000000)
  region size 1024K, 79 young (80896K), 1 survivors (1024K)
 Metaspace       used 15532K, committed 15680K, reserved 1064960K
  class space    used 1992K, committed 2048K, reserved 1048576K
}
Event: 2.717 GC heap after
{Heap after GC invocations=4 (full 0):
 garbage-first heap   total 131072K, used 9810K [0x0000000080c00000, 0x0000000100000000)
  region size 1024K, 4 young (4096K), 4 survivors (4096K)
 Metaspace       used 15532K, committed 15680K, reserved 1064960K
  class space    used 1992K, committed 2048K, reserved 1048576K
}
Event: 4.014 GC heap before
{Heap before GC invocations=4 (full 0):
 garbage-first heap   total 131072K, used 52818K [0x0000000080c00000, 0x0000000100000000)
  region size 1024K, 48 young (49152K), 4 survivors (4096K)
 Metaspace       used 21034K, committed 21248K, reserved 1073152K
  class space    used 2628K, committed 2752K, reserved 1048576K
}
Event: 4.021 GC heap after
{Heap after GC invocations=5 (full 0):
 garbage-first heap   total 131072K, used 11352K [0x0000000080c00000, 0x0000000100000000)
  region size 1024K, 6 young (6144K), 6 survivors (6144K)
 Metaspace       used 21034K, committed 21248K, reserved 1073152K
  class space    used 2628K, committed 2752K, reserved 1048576K
}
Event: 6.633 GC heap before
{Heap before GC invocations=6 (full 0):
 garbage-first heap   total 45056K, used 44120K [0x0000000080c00000, 0x0000000100000000)
  region size 1024K, 38 young (38912K), 6 survivors (6144K)
 Metaspace       used 26736K, committed 27008K, reserved 1073152K
  class space    used 3469K, committed 3584K, reserved 1048576K
}

